  CARDS_ENTRY_TITLE                       ADDED
  CARDS_ENTRY_LEVEL_MIN                   ADDED
  CARDS_ENTRY_LEVEL_MAX                   ADDED
  CARDS_ENTRY_COSTUME_NAME                ADDED
  CARDS_ENTRY_COSTUME_HOW_TO_UNLOCK       ADDED
  CARDS_ENTRY_COSTUME_UNLOCK_1            ADDED
  CARDS_ENTRY_COSTUME_UNLOCK_2            ADDED
  CARDS_ENTRY_ACTIVE_SKILL                ADDED
  CARDS_ENTRY_ACTIVE_SKILL_TYPE           ADDED
  CARDS_ENTRY_ACTIVE_SKILL_TYPE_1         ADDED
  CARDS_ENTRY_ACTIVE_SKILL_TYPE_2         ADDED
  CARDS_ENTRY_ACTIVE_SKILL_TYPE_3         ADDED
  CARDS_ENTRY_ACTIVE_SKILL_TYPE_4         ADDED
  CARDS_ENTRY_ACTIVE_SKILL_TYPE_5         ADDED
  CARDS_ENTRY_ACTIVE_SKILL_TYPE_6         ADDED
  CARDS_ENTRY_ACTIVE_SKILL_TRIGGER_RATE   ADDED
  CARDS_ENTRY_ACTIVE_SKILL_THUMBNAIL      ADDED
  CARDS_ENTRY_ACTIVE_SKILL_LEVEL          ADDED
  CARDS_ENTRY_ACTIVE_SKILL_NAME           ADDED
  CARDS_ENTRY_ACTIVE_SKILL_DESCRIPTION    ADDED
  CARDS_ENTRY_PASSIVE_SKILL_THUMBNAIL     ADDED
  CARDS_ENTRY_PASSIVE_SKILL_LEVEL         ADDED
  CARDS_ENTRY_PASSIVE_SKILL_NAME          ADDED
  CARDS_ENTRY_PASSIVE_SKILL_DESCRIPTION   ADDED
  CARDS_ENTRY_PASSIVE_SKILL               ADDED
  CARDS_ENTRY_PASSIVE_SKILL_TRIGGER_TYPE  ADDED
  CARDS_ENTRY_PASSIVE_SKILL_TRIGGER_1     ADDED
  CARDS_ENTRY_PASSIVE_SKILL_TRIGGER_2     ADDED
  CARDS_ENTRY_PASSIVE_SKILL_TRIGGER_3     ADDED
  CARDS_ENTRY_PASSIVE_SKILL_TRIGGER_4     ADDED
  CARDS_ENTRY_PASSIVE_SKILL_TRIGGER_5     ADDED
  CARDS_ENTRY_PASSIVE_SKILL_TRIGGER_6     ADDED
  CARDS_ENTRY_PASSIVE_SKILL_TRIGGER_7     ADDED
  CARDS_ENTRY_PASSIVE_SKILL_TRIGGER_8     ADDED
  CARDS_ENTRY_PASSIVE_SKILL_TRIGGER_9     ADDED
  CARDS_ENTRY_PASSIVE_SKILL_TRIGGER_10    ADDED
  CARDS_ENTRY_PASSIVE_SKILL_TRIGGER_255   ADDED
  CARDS_ENTRY_PASSIVE_SKILL_TRIGGER_RATE  ADDED
  TITLES_HOW_TO_OBTAIN                    ADDED
  TITLES_TYPE                             ADDED
  TITLES_TYPE_1                           ADDED
  TITLES_TYPE_2                           ADDED
  TITLES_TYPE_3                           ADDED